<?xml version="1.0" encoding="UTF-8"?>
<!-- Generated by org.testng.reporters.JUnitReportReporter -->
<testsuite skipped="0" hostname="BDC4-L-1SL6QQ2" name="extenreport.logintest" tests="1" failures="0" timestamp="04 Jun 2019 06:49:21 GMT" time="10.679" errors="0">
  <testcase name="Login" time="10.679" classname="extenreport.logintest"/>
</testsuite> <!-- extenreport.logintest -->
